2022-09-29 10:49:47,027 - qtpyvcp - INFO - Logging to /home/travis/linuxcnc/configs/my_LinuxCNC_router/qtpyvcp.log
2022-09-29 10:49:47,027 - qtpyvcp - INFO - QtPyVCP Version: python3_master+273.g268f4593
2022-09-29 10:49:54,622 - qtpyvcp.utilities.info - INFO - The machine has 3 axes and 3 joints
2022-09-29 10:49:54,623 - qtpyvcp.utilities.info - INFO - The Axis/Joint mapping is:
2022-09-29 10:49:54,623 - qtpyvcp.utilities.info - INFO - Axis X --> Joint 0
2022-09-29 10:49:54,623 - qtpyvcp.utilities.info - INFO - Axis Y --> Joint 1
2022-09-29 10:49:54,623 - qtpyvcp.utilities.info - INFO - Axis Z --> Joint 2
2022-09-29 10:49:55,366 - qtpyvcp - INFO - QtPyVCP Version: python3_master+273.g268f4593
2022-09-29 10:49:57,768 - qtpyvcp.utilities.info - WARNING - No [TRAJ] SPINDLES entry in INI, using 1
2022-09-29 10:49:57,768 - qtpyvcp.utilities.info - WARNING - No [DISPLAY] DEFAULT_SPINDLE_SPEED entry found in INI, using 300rpm
2022-09-29 10:49:59,296 - qtpyvcp - INFO - Loading global stylesheet: /home/travis/.local/lib/python3.9/site-packages/probe_basic/probe_basic.qss
2022-09-29 10:50:14,954 - qtpyvcp.widgets.form_widgets.main_window - ERROR - Error binding menu action settings.backplot.show-program-labels
Traceback (most recent call last):
  File "/home/travis/.local/lib/python3.9/site-packages/qtpyvcp/actions/__init__.py", line 61, in bindWidget
    method = getattr(method, item)
AttributeError: module 'qtpyvcp.actions' has no attribute 'settings'

During handling of the above exception, another exception occurred:

Traceback (most recent call last):
  File "/home/travis/.local/lib/python3.9/site-packages/qtpyvcp/widgets/form_widgets/main_window.py", line 185, in getMenuAction
    actions.bindWidget(menu_action, action_name)
  File "/home/travis/.local/lib/python3.9/site-packages/qtpyvcp/actions/__init__.py", line 66, in bindWidget
    raise InvalidAction("Could not get action method: %s" % item)
qtpyvcp.actions.InvalidAction: Could not get action method: settings
2022-09-29 10:50:14,985 - qtpyvcp.widgets.form_widgets.main_window - ERROR - Error binding menu action settings.backplot.show-program-ticks
Traceback (most recent call last):
  File "/home/travis/.local/lib/python3.9/site-packages/qtpyvcp/actions/__init__.py", line 61, in bindWidget
    method = getattr(method, item)
AttributeError: module 'qtpyvcp.actions' has no attribute 'settings'

During handling of the above exception, another exception occurred:

Traceback (most recent call last):
  File "/home/travis/.local/lib/python3.9/site-packages/qtpyvcp/widgets/form_widgets/main_window.py", line 185, in getMenuAction
    actions.bindWidget(menu_action, action_name)
  File "/home/travis/.local/lib/python3.9/site-packages/qtpyvcp/actions/__init__.py", line 66, in bindWidget
    raise InvalidAction("Could not get action method: %s" % item)
qtpyvcp.actions.InvalidAction: Could not get action method: settings
2022-09-29 10:50:15,703 - qtpyvcp.app.launcher - INFO - Loading POSTGUI_HALFILE: /home/travis/linuxcnc/configs/my_LinuxCNC_router/postgui_call_list.hal
2022-09-29 10:50:36,985 - qtpyvcp.actions.machine_actions - INFO - Homing all axes
2022-09-29 10:52:27,625 - qtpyvcp.widgets.input_widgets.file_system - INFO - File encoding: ascii
2022-09-29 10:52:33,126 - qtpyvcp.widgets.input_widgets.gcode_text_edit - INFO - File encoding: ascii
2022-09-29 10:52:35,269 - qtpyvcp.widgets.input_widgets.gcode_text_edit - INFO - File encoding: ascii
